<?xml version="1.0" encoding="UTF-8"?>
<!-- Generated by org.testng.reporters.JUnitReportReporter -->
<testsuite name="com.qa.hubspot.tests.LoginPageTest" tests="3" time="10.341" ignored="0" failures="0" timestamp="26 May 2020 18:10:00 GMT" skipped="0" hostname="LAPTOP-U08S3ANA" errors="0">
  <testcase name="verifyloginPageTitleTest" time="0.018" classname="com.qa.hubspot.tests.LoginPageTest"/>
  <testcase name="verifySignUplinkTest" time="4.466" classname="com.qa.hubspot.tests.LoginPageTest"/>
  <testcase name="loginTest" time="5.857" classname="com.qa.hubspot.tests.LoginPageTest"/>
</testsuite> <!-- com.qa.hubspot.tests.LoginPageTest -->
