<?xml version="1.0" encoding="UTF-8"?>
<!-- Generated by org.testng.reporters.JUnitReportReporter -->
<testsuite name="com.qa.hubspot.tests.LoginPageTest" tests="3" time="12.748" ignored="0" failures="0" timestamp="04 Jun 2020 22:28:45 GMT" skipped="0" hostname="LAPTOP-U08S3ANA" errors="0">
  <testcase name="verifySignUplinkTest" time="6.108" classname="com.qa.hubspot.tests.LoginPageTest"/>
  <testcase name="loginTest" time="6.593" classname="com.qa.hubspot.tests.LoginPageTest"/>
  <testcase name="verifyloginPageTitleTest" time="0.047" classname="com.qa.hubspot.tests.LoginPageTest"/>
</testsuite> <!-- com.qa.hubspot.tests.LoginPageTest -->
