<?xml version="1.0" encoding="UTF-8"?>
<!-- Generated by org.testng.reporters.JUnitReportReporter -->
<testsuite name="com.qa.hubspot.tests.LoginPageTest" tests="3" time="10.184" ignored="0" failures="0" timestamp="07 Jun 2020 21:06:47 GMT" skipped="0" hostname="LAPTOP-U08S3ANA" errors="0">
  <testcase name="loginTest" time="5.495" classname="com.qa.hubspot.tests.LoginPageTest"/>
  <testcase name="verifyloginPageTitleTest" time="0.038" classname="com.qa.hubspot.tests.LoginPageTest"/>
  <testcase name="verifySignUplinkTest" time="4.651" classname="com.qa.hubspot.tests.LoginPageTest"/>
</testsuite> <!-- com.qa.hubspot.tests.LoginPageTest -->
